2018-05-18 15:31:53.537 +08:00 [INF] User logged in.
2018-05-18 15:31:53.650 +08:00 [INF] hello
2018-05-18 15:35:12.671 +08:00 [INF] Disable task 402.
2018-05-18 15:35:16.893 +08:00 [INF] Remove task 402.
2018-05-18 15:35:29.579 +08:00 [WRN] Create messages [] success.
2018-05-18 15:35:32.340 +08:00 [INF] hello
2018-05-18 15:35:38.956 +08:00 [INF] hello
2018-05-21 17:15:24.026 +08:00 [INF] IncreaseRunning task 1.
2018-05-21 17:17:40.369 +08:00 [INF] IncreaseRunning task 1.
2018-05-21 17:18:15.154 +08:00 [INF] IncreaseRunning task 1.
2018-05-21 17:18:33.923 +08:00 [INF] IncreaseRunning task 1.
2018-05-21 17:22:24.261 +08:00 [INF] IncreaseRunning task 1.
2018-05-21 17:22:47.963 +08:00 [INF] IncreaseRunning task 1.
2018-05-21 17:23:46.664 +08:00 [INF] IncreaseRunning task 1.
2018-05-21 17:24:15.447 +08:00 [INF] IncreaseRunning task 1.
2018-05-21 17:30:44.364 +08:00 [INF] IncreaseRunning task 1.
2018-05-21 17:37:35.965 +08:00 [INF] IncreaseRunning task 1.
2018-05-21 17:37:39.993 +08:00 [ERR] input should not be null.
2018-05-21 17:37:40.081 +08:00 [ERR] input should not be null.
2018-05-21 17:37:40.164 +08:00 [ERR] input should not be null.
2018-05-21 17:37:40.246 +08:00 [ERR] input should not be null.
2018-05-21 17:37:52.627 +08:00 [ERR] input should not be null.
2018-05-21 17:38:04.747 +08:00 [INF] IncreaseRunning task 1.
2018-05-21 20:46:54.323 +08:00 [INF] IncreaseRunning task 1.
2018-05-21 21:27:52.665 +08:00 [INF] IncreaseRunning task 1.
2018-05-21 21:28:29.105 +08:00 [INF] IncreaseRunning task 1.
2018-05-21 21:28:29.593 +08:00 [ERR] input should not be null.
2018-05-21 21:28:29.672 +08:00 [ERR] input should not be null.
2018-05-21 21:30:08.341 +08:00 [INF] IncreaseRunning task 1.
2018-05-21 21:31:35.445 +08:00 [INF] IncreaseRunning task 1.
2018-05-21 21:32:53.108 +08:00 [INF] IncreaseRunning task 1.
2018-05-21 21:35:07.441 +08:00 [INF] IncreaseRunning task 1.
2018-05-21 21:35:29.567 +08:00 [INF] IncreaseRunning task 1.
2018-05-21 21:36:59.828 +08:00 [INF] IncreaseRunning task 1.
2018-05-21 21:38:59.000 +08:00 [INF] IncreaseRunning task 1.
2018-05-21 21:39:54.613 +08:00 [INF] ReduceRunning task 1.
2018-05-21 21:40:13.077 +08:00 [INF] IncreaseRunning task 1.
2018-05-21 21:40:13.166 +08:00 [INF] ReduceRunning task 1.
